/var/spool/slurmd/job20833/slurm_script: line 24: module: command not found

                            < M A T L A B (R) >
                  Copyright 1984-2016 The MathWorks, Inc.
                   R2016b (9.1.0.441655) 64-bit (glnxa64)
                             September 7, 2016

 
To get started, type one of these: helpwin, helpdesk, or demo.
For product information, visit www.mathworks.com.
 
>> >> >> >> >> >> >> >> >> >> >> >> >> >> >> 
t =

  int64

   0


t =

  int64

   1


t =

  int64

   2


t =

  int64

   3


t =

  int64

   4


t =

  int64

   5


t =

  int64

   6


t =

  int64

   7


t =

  int64

   8


t =

  int64

   9


t =

  int64

   10


t =

  int64

   11


t =

  int64

   12


t =

  int64

   13


t =

  int64

   14


t =

  int64

   15


t =

  int64

   16


t =

  int64

   17


t =

  int64

   18


t =

  int64

   19


t =

  int64

   20


t =

  int64

   21


t =

  int64

   22


t =

  int64

   23


t =

  int64

   24


t =

  int64

   25


t =

  int64

   26


t =

  int64

   27


t =

  int64

   28


t =

  int64

   29


t =

  int64

   30


t =

  int64

   31


t =

  int64

   32


t =

  int64

   33


t =

  int64

   34


t =

  int64

   35


t =

  int64

   36


t =

  int64

   37


t =

  int64

   38


t =

  int64

   39


t =

  int64

   40


t =

  int64

   41


t =

  int64

   42


t =

  int64

   43


t =

  int64

   44


t =

  int64

   45


t =

  int64

   46


t =

  int64

   47


t =

  int64

   48


t =

  int64

   49


t =

  int64

   50


t =

  int64

   51


t =

  int64

   52


t =

  int64

   53


t =

  int64

   54


t =

  int64

   55


t =

  int64

   56


t =

  int64

   57


t =

  int64

   58


t =

  int64

   59


t =

  int64

   60


t =

  int64

   61


t =

  int64

   62


t =

  int64

   63


t =

  int64

   64


t =

  int64

   65


t =

  int64

   66


t =

  int64

   67


t =

  int64

   68


t =

  int64

   69


t =

  int64

   70


t =

  int64

   71


t =

  int64

   72


t =

  int64

   73


t =

  int64

   74


t =

  int64

   75


t =

  int64

   76


t =

  int64

   77


t =

  int64

   78


t =

  int64

   79


t =

  int64

   80


t =

  int64

   81


t =

  int64

   82


t =

  int64

   83


t =

  int64

   84


t =

  int64

   85


t =

  int64

   86


t =

  int64

   87


t =

  int64

   88


t =

  int64

   89


t =

  int64

   90


t =

  int64

   91


t =

  int64

   92


t =

  int64

   93


t =

  int64

   94


t =

  int64

   95


t =

  int64

   96


t =

  int64

   97


t =

  int64

   98


t =

  int64

   99


t =

  int64

   100


t =

  int64

   101


t =

  int64

   102


t =

  int64

   103


t =

  int64

   104


t =

  int64

   105


t =

  int64

   106


t =

  int64

   107


t =

  int64

   108


t =

  int64

   109


t =

  int64

   110


t =

  int64

   111


t =

  int64

   112


t =

  int64

   113


t =

  int64

   114


t =

  int64

   115


t =

  int64

   116


t =

  int64

   117


t =

  int64

   118


t =

  int64

   119


t =

  int64

   120


t =

  int64

   121


t =

  int64

   122


t =

  int64

   123


t =

  int64

   124


t =

  int64

   125


t =

  int64

   126


t =

  int64

   127


t =

  int64

   128


t =

  int64

   129


t =

  int64

   130


t =

  int64

   131


t =

  int64

   132


t =

  int64

   133


t =

  int64

   134


t =

  int64

   135


t =

  int64

   136


t =

  int64

   137


t =

  int64

   138


t =

  int64

   139


t =

  int64

   140


t =

  int64

   141


t =

  int64

   142


t =

  int64

   143


t =

  int64

   144


t =

  int64

   145


t =

  int64

   146


t =

  int64

   147


t =

  int64

   148


t =

  int64

   149


t =

  int64

   150


t =

  int64

   151


t =

  int64

   152


t =

  int64

   153


t =

  int64

   154


t =

  int64

   155


t =

  int64

   156


t =

  int64

   157


t =

  int64

   158


t =

  int64

   159


t =

  int64

   160


t =

  int64

   161


t =

  int64

   162


t =

  int64

   163


t =

  int64

   164


t =

  int64

   165


t =

  int64

   166


t =

  int64

   167


t =

  int64

   168


t =

  int64

   169


t =

  int64

   170


t =

  int64

   171


t =

  int64

   172


t =

  int64

   173


t =

  int64

   174


t =

  int64

   175


t =

  int64

   176


t =

  int64

   177


t =

  int64

   178


t =

  int64

   179


t =

  int64

   180


t =

  int64

   181


t =

  int64

   182


t =

  int64

   183


t =

  int64

   184


t =

  int64

   185


t =

  int64

   186


t =

  int64

   187


t =

  int64

   188


t =

  int64

   189


t =

  int64

   190


t =

  int64

   191


t =

  int64

   192


t =

  int64

   193


t =

  int64

   194


t =

  int64

   195


t =

  int64

   196


t =

  int64

   197


t =

  int64

   198


t =

  int64

   199


t =

  int64

   200


t =

  int64

   201


t =

  int64

   202


t =

  int64

   203


t =

  int64

   204


t =

  int64

   205


t =

  int64

   206


t =

  int64

   207


t =

  int64

   208


t =

  int64

   209


t =

  int64

   210


t =

  int64

   211


t =

  int64

   212


t =

  int64

   213


t =

  int64

   214


t =

  int64

   215


t =

  int64

   216


t =

  int64

   217


t =

  int64

   218


t =

  int64

   219


t =

  int64

   220


t =

  int64

   221


t =

  int64

   222


t =

  int64

   223


t =

  int64

   224


t =

  int64

   225


t =

  int64

   226


t =

  int64

   227


t =

  int64

   228


t =

  int64

   229


t =

  int64

   230


t =

  int64

   231


t =

  int64

   232


t =

  int64

   233


t =

  int64

   234


t =

  int64

   235


t =

  int64

   236


t =

  int64

   237


t =

  int64

   238


t =

  int64

   239


t =

  int64

   240


t =

  int64

   241


t =

  int64

   242


t =

  int64

   243


t =

  int64

   244


t =

  int64

   245


t =

  int64

   246


t =

  int64

   247


t =

  int64

   248


t =

  int64

   249


t =

  int64

   250


t =

  int64

   251


t =

  int64

   252


t =

  int64

   253


t =

  int64

   254


t =

  int64

   255


t =

  int64

   256


t =

  int64

   257


t =

  int64

   258


t =

  int64

   259


t =

  int64

   260


t =

  int64

   261


t =

  int64

   262


t =

  int64

   263


t =

  int64

   264


t =

  int64

   265


t =

  int64

   266


t =

  int64

   267


t =

  int64

   268


t =

  int64

   269


t =

  int64

   270


t =

  int64

   271


t =

  int64

   272


t =

  int64

   273


t =

  int64

   274


t =

  int64

   275


t =

  int64

   276


t =

  int64

   277


t =

  int64

   278


t =

  int64

   279


t =

  int64

   280


t =

  int64

   281


t =

  int64

   282


t =

  int64

   283


t =

  int64

   284


t =

  int64

   285


t =

  int64

   286


t =

  int64

   287


t =

  int64

   288


t =

  int64

   289


t =

  int64

   290


t =

  int64

   291


t =

  int64

   292


t =

  int64

   293


t =

  int64

   294


t =

  int64

   295


t =

  int64

   296


t =

  int64

   297


t =

  int64

   298


t =

  int64

   299


t =

  int64

   300


t =

  int64

   301


t =

  int64

   302


t =

  int64

   303


t =

  int64

   304


t =

  int64

   305


t =

  int64

   306


t =

  int64

   307


t =

  int64

   308


t =

  int64

   309


t =

  int64

   310


t =

  int64

   311


t =

  int64

   312


t =

  int64

   313


t =

  int64

   314


t =

  int64

   315


t =

  int64

   316


t =

  int64

   317


t =

  int64

   318


t =

  int64

   319


t =

  int64

   320


t =

  int64

   321


t =

  int64

   322


t =

  int64

   323


t =

  int64

   324


t =

  int64

   325


t =

  int64

   326


t =

  int64

   327


t =

  int64

   328


t =

  int64

   329


t =

  int64

   330


t =

  int64

   331


t =

  int64

   332


t =

  int64

   333


t =

  int64

   334


t =

  int64

   335


t =

  int64

   336


t =

  int64

   337


t =

  int64

   338


t =

  int64

   339


t =

  int64

   340


t =

  int64

   341


t =

  int64

   342


t =

  int64

   343


t =

  int64

   344


t =

  int64

   345


t =

  int64

   346


t =

  int64

   347


t =

  int64

   348


t =

  int64

   349


t =

  int64

   350


t =

  int64

   351


t =

  int64

   352


t =

  int64

   353


t =

  int64

   354


t =

  int64

   355


t =

  int64

   356


t =

  int64

   357


t =

  int64

   358


t =

  int64

   359


t =

  int64

   360


t =

  int64

   361


t =

  int64

   362


t =

  int64

   363


t =

  int64

   364


t =

  int64

   365


t =

  int64

   366


t =

  int64

   367


t =

  int64

   368


t =

  int64

   369


t =

  int64

   370


t =

  int64

   371


t =

  int64

   372


t =

  int64

   373


t =

  int64

   374


t =

  int64

   375


t =

  int64

   376


t =

  int64

   377


t =

  int64

   378


t =

  int64

   379


t =

  int64

   380


t =

  int64

   381


t =

  int64

   382


t =

  int64

   383


t =

  int64

   384


t =

  int64

   385


t =

  int64

   386


t =

  int64

   387


t =

  int64

   388


t =

  int64

   389


t =

  int64

   390


t =

  int64

   391


t =

  int64

   392


t =

  int64

   393


t =

  int64

   394


t =

  int64

   395


t =

  int64

   396


t =

  int64

   397


t =

  int64

   398


t =

  int64

   399


t =

  int64

   400


t =

  int64

   401


t =

  int64

   402


t =

  int64

   403


t =

  int64

   404


t =

  int64

   405


t =

  int64

   406


t =

  int64

   407


t =

  int64

   408


t =

  int64

   409


t =

  int64

   410


t =

  int64

   411


t =

  int64

   412


t =

  int64

   413


t =

  int64

   414


t =

  int64

   415


t =

  int64

   416


t =

  int64

   417


t =

  int64

   418


t =

  int64

   419


t =

  int64

   420


t =

  int64

   421


t =

  int64

   422


t =

  int64

   423


t =

  int64

   424


t =

  int64

   425


t =

  int64

   426


t =

  int64

   427


t =

  int64

   428


t =

  int64

   429


t =

  int64

   430


t =

  int64

   431


t =

  int64

   432


t =

  int64

   433


t =

  int64

   434


t =

  int64

   435


t =

  int64

   436


t =

  int64

   437


t =

  int64

   438


t =

  int64

   439


t =

  int64

   440


t =

  int64

   441


t =

  int64

   442


t =

  int64

   443


t =

  int64

   444


t =

  int64

   445


t =

  int64

   446


t =

  int64

   447


t =

  int64

   448


t =

  int64

   449


t =

  int64

   450


t =

  int64

   451


t =

  int64

   452


t =

  int64

   453


t =

  int64

   454


t =

  int64

   455


t =

  int64

   456


t =

  int64

   457


t =

  int64

   458


t =

  int64

   459


t =

  int64

   460


t =

  int64

   461


t =

  int64

   462


t =

  int64

   463


t =

  int64

   464


t =

  int64

   465


t =

  int64

   466


t =

  int64

   467


t =

  int64

   468


t =

  int64

   469


t =

  int64

   470


t =

  int64

   471


t =

  int64

   472


t =

  int64

   473


t =

  int64

   474


t =

  int64

   475


t =

  int64

   476


t =

  int64

   477


t =

  int64

   478


t =

  int64

   479


t =

  int64

   480


t =

  int64

   481


t =

  int64

   482


t =

  int64

   483


t =

  int64

   484


t =

  int64

   485


t =

  int64

   486


t =

  int64

   487


t =

  int64

   488


t =

  int64

   489


t =

  int64

   490


t =

  int64

   491


t =

  int64

   492


t =

  int64

   493


t =

  int64

   494


t =

  int64

   495


t =

  int64

   496


t =

  int64

   497


t =

  int64

   498


t =

  int64

   499


t =

  int64

   500


t =

  int64

   501


t =

  int64

   502


t =

  int64

   503


t =

  int64

   504


t =

  int64

   505


t =

  int64

   506


t =

  int64

   507


t =

  int64

   508


t =

  int64

   509


t =

  int64

   510


t =

  int64

   511


t =

  int64

   512


t =

  int64

   513


t =

  int64

   514


t =

  int64

   515


t =

  int64

   516


t =

  int64

   517


t =

  int64

   518


t =

  int64

   519


t =

  int64

   520


t =

  int64

   521


t =

  int64

   522


t =

  int64

   523


t =

  int64

   524


t =

  int64

   525


t =

  int64

   526


t =

  int64

   527


t =

  int64

   528


t =

  int64

   529


t =

  int64

   530


t =

  int64

   531


t =

  int64

   532


t =

  int64

   533


t =

  int64

   534


t =

  int64

   535


t =

  int64

   536


t =

  int64

   537


t =

  int64

   538


t =

  int64

   539


t =

  int64

   540


t =

  int64

   541


t =

  int64

   542


t =

  int64

   543


t =

  int64

   544


t =

  int64

   545


t =

  int64

   546


t =

  int64

   547


t =

  int64

   548


t =

  int64

   549


t =

  int64

   550


t =

  int64

   551


t =

  int64

   552


t =

  int64

   553


t =

  int64

   554


t =

  int64

   555


t =

  int64

   556


t =

  int64

   557


t =

  int64

   558


t =

  int64

   559


t =

  int64

   560


t =

  int64

   561


t =

  int64

   562


t =

  int64

   563


t =

  int64

   564


t =

  int64

   565


t =

  int64

   566


t =

  int64

   567


t =

  int64

   568


t =

  int64

   569


t =

  int64

   570


t =

  int64

   571


t =

  int64

   572


t =

  int64

   573


t =

  int64

   574


t =

  int64

   575


t =

  int64

   576


t =

  int64

   577


t =

  int64

   578


t =

  int64

   579


t =

  int64

   580


t =

  int64

   581


t =

  int64

   582


t =

  int64

   583


t =

  int64

   584


t =

  int64

   585


t =

  int64

   586


t =

  int64

   587


t =

  int64

   588


t =

  int64

   589


t =

  int64

   590


t =

  int64

   591


t =

  int64

   592


t =

  int64

   593


t =

  int64

   594


t =

  int64

   595


t =

  int64

   596


t =

  int64

   597


t =

  int64

   598


t =

  int64

   599


t =

  int64

   600


t =

  int64

   601


t =

  int64

   602


t =

  int64

   603


t =

  int64

   604


t =

  int64

   605


t =

  int64

   606


t =

  int64

   607


t =

  int64

   608


t =

  int64

   609


t =

  int64

   610


t =

  int64

   611


t =

  int64

   612


t =

  int64

   613


t =

  int64

   614


t =

  int64

   615


t =

  int64

   616


t =

  int64

   617


t =

  int64

   618


t =

  int64

   619


t =

  int64

   620


t =

  int64

   621


t =

  int64

   622


t =

  int64

   623


t =

  int64

   624


t =

  int64

   625


t =

  int64

   626


t =

  int64

   627


t =

  int64

   628


t =

  int64

   629


t =

  int64

   630


t =

  int64

   631


t =

  int64

   632


t =

  int64

   633


t =

  int64

   634


t =

  int64

   635


t =

  int64

   636


t =

  int64

   637


t =

  int64

   638


t =

  int64

   639


t =

  int64

   640


t =

  int64

   641


t =

  int64

   642


t =

  int64

   643


t =

  int64

   644


t =

  int64

   645


t =

  int64

   646


t =

  int64

   647


t =

  int64

   648


t =

  int64

   649


t =

  int64

   650


t =

  int64

   651


t =

  int64

   652


t =

  int64

   653


t =

  int64

   654


t =

  int64

   655


t =

  int64

   656


t =

  int64

   657


t =

  int64

   658


t =

  int64

   659


t =

  int64

   660


t =

  int64

   661


t =

  int64

   662


t =

  int64

   663


t =

  int64

   664


t =

  int64

   665


t =

  int64

   666


t =

  int64

   667


t =

  int64

   668


t =

  int64

   669


t =

  int64

   670


t =

  int64

   671


t =

  int64

   672


t =

  int64

   673


t =

  int64

   674


t =

  int64

   675


t =

  int64

   676


t =

  int64

   677


t =

  int64

   678


t =

  int64

   679


t =

  int64

   680


t =

  int64

   681


t =

  int64

   682


t =

  int64

   683


t =

  int64

   684


t =

  int64

   685


t =

  int64

   686


t =

  int64

   687


t =

  int64

   688


t =

  int64

   689


t =

  int64

   690


t =

  int64

   691


t =

  int64

   692


t =

  int64

   693


t =

  int64

   694


t =

  int64

   695


t =

  int64

   696


t =

  int64

   697


t =

  int64

   698


t =

  int64

   699


t =

  int64

   700


t =

  int64

   701


t =

  int64

   702


t =

  int64

   703


t =

  int64

   704


t =

  int64

   705


t =

  int64

   706


t =

  int64

   707


t =

  int64

   708


t =

  int64

   709


t =

  int64

   710


t =

  int64

   711


t =

  int64

   712


t =

  int64

   713


t =

  int64

   714


t =

  int64

   715


t =

  int64

   716


t =

  int64

   717


t =

  int64

   718


t =

  int64

   719


t =

  int64

   720


t =

  int64

   721


t =

  int64

   722


t =

  int64

   723


t =

  int64

   724


t =

  int64

   725


t =

  int64

   726


t =

  int64

   727


t =

  int64

   728


t =

  int64

   729


t =

  int64

   730


t =

  int64

   731


t =

  int64

   732


t =

  int64

   733


t =

  int64

   734


t =

  int64

   735


t =

  int64

   736


t =

  int64

   737


t =

  int64

   738


t =

  int64

   739


t =

  int64

   740


t =

  int64

   741


t =

  int64

   742


t =

  int64

   743


t =

  int64

   744


t =

  int64

   745


t =

  int64

   746


t =

  int64

   747


t =

  int64

   748


t =

  int64

   749


t =

  int64

   750


t =

  int64

   751


t =

  int64

   752


t =

  int64

   753


t =

  int64

   754


t =

  int64

   755


t =

  int64

   756


t =

  int64

   757


t =

  int64

   758


t =

  int64

   759


t =

  int64

   760


t =

  int64

   761


t =

  int64

   762


t =

  int64

   763


t =

  int64

   764


t =

  int64

   765


t =

  int64

   766


t =

  int64

   767


t =

  int64

   768


t =

  int64

   769


t =

  int64

   770


t =

  int64

   771


t =

  int64

   772


t =

  int64

   773


t =

  int64

   774


t =

  int64

   775


t =

  int64

   776


t =

  int64

   777


t =

  int64

   778


t =

  int64

   779


t =

  int64

   780


t =

  int64

   781


t =

  int64

   782


t =

  int64

   783


t =

  int64

   784


t =

  int64

   785


t =

  int64

   786


t =

  int64

   787


t =

  int64

   788


t =

  int64

   789


t =

  int64

   790


t =

  int64

   791


t =

  int64

   792


t =

  int64

   793


t =

  int64

   794


t =

  int64

   795


t =

  int64

   796


t =

  int64

   797


t =

  int64

   798


t =

  int64

   799


t =

  int64

   800


t =

  int64

   801


t =

  int64

   802


t =

  int64

   803


t =

  int64

   804


t =

  int64

   805


t =

  int64

   806


t =

  int64

   807


t =

  int64

   808


t =

  int64

   809


t =

  int64

   810


t =

  int64

   811


t =

  int64

   812


t =

  int64

   813


t =

  int64

   814


t =

  int64

   815


t =

  int64

   816


t =

  int64

   817


t =

  int64

   818


t =

  int64

   819


t =

  int64

   820


t =

  int64

   821


t =

  int64

   822


t =

  int64

   823


t =

  int64

   824


t =

  int64

   825


t =

  int64

   826


t =

  int64

   827


t =

  int64

   828


t =

  int64

   829


t =

  int64

   830


t =

  int64

   831


t =

  int64

   832


t =

  int64

   833


t =

  int64

   834


t =

  int64

   835


t =

  int64

   836


t =

  int64

   837


t =

  int64

   838


t =

  int64

   839


t =

  int64

   840


t =

  int64

   841


t =

  int64

   842


t =

  int64

   843


t =

  int64

   844


t =

  int64

   845


t =

  int64

   846


t =

  int64

   847


t =

  int64

   848


t =

  int64

   849


t =

  int64

   850


t =

  int64

   851


t =

  int64

   852


t =

  int64

   853


t =

  int64

   854


t =

  int64

   855


t =

  int64

   856


t =

  int64

   857


t =

  int64

   858


t =

  int64

   859


t =

  int64

   860


t =

  int64

   861


t =

  int64

   862


t =

  int64

   863


t =

  int64

   864


t =

  int64

   865


t =

  int64

   866


t =

  int64

   867


t =

  int64

   868


t =

  int64

   869


t =

  int64

   870


t =

  int64

   871


t =

  int64

   872


t =

  int64

   873


t =

  int64

   874


t =

  int64

   875


t =

  int64

   876


t =

  int64

   877


t =

  int64

   878


t =

  int64

   879


t =

  int64

   880


t =

  int64

   881


t =

  int64

   882


t =

  int64

   883


t =

  int64

   884


t =

  int64

   885


t =

  int64

   886


t =

  int64

   887


t =

  int64

   888


t =

  int64

   889


t =

  int64

   890


t =

  int64

   891


t =

  int64

   892


t =

  int64

   893


t =

  int64

   894


t =

  int64

   895


t =

  int64

   896


t =

  int64

   897


t =

  int64

   898


t =

  int64

   899


t =

  int64

   900


t =

  int64

   901


t =

  int64

   902


t =

  int64

   903


t =

  int64

   904


t =

  int64

   905


t =

  int64

   906


t =

  int64

   907


t =

  int64

   908


t =

  int64

   909


t =

  int64

   910


t =

  int64

   911


t =

  int64

   912


t =

  int64

   913


t =

  int64

   914


t =

  int64

   915


t =

  int64

   916


t =

  int64

   917


t =

  int64

   918


t =

  int64

   919


t =

  int64

   920


t =

  int64

   921


t =

  int64

   922


t =

  int64

   923


t =

  int64

   924


t =

  int64

   925


t =

  int64

   926


t =

  int64

   927


t =

  int64

   928


t =

  int64

   929


t =

  int64

   930


t =

  int64

   931


t =

  int64

   932


t =

  int64

   933


t =

  int64

   934


t =

  int64

   935


t =

  int64

   936


t =

  int64

   937


t =

  int64

   938


t =

  int64

   939


t =

  int64

   940


t =

  int64

   941


t =

  int64

   942


t =

  int64

   943


t =

  int64

   944


t =

  int64

   945


t =

  int64

   946


t =

  int64

   947


t =

  int64

   948


t =

  int64

   949


t =

  int64

   950


t =

  int64

   951


t =

  int64

   952


t =

  int64

   953


t =

  int64

   954


t =

  int64

   955


t =

  int64

   956


t =

  int64

   957


t =

  int64

   958


t =

  int64

   959


t =

  int64

   960


t =

  int64

   961


t =

  int64

   962


t =

  int64

   963


t =

  int64

   964


t =

  int64

   965


t =

  int64

   966


t =

  int64

   967


t =

  int64

   968


t =

  int64

   969


t =

  int64

   970


t =

  int64

   971


t =

  int64

   972


t =

  int64

   973


t =

  int64

   974


t =

  int64

   975


t =

  int64

   976


t =

  int64

   977


t =

  int64

   978


t =

  int64

   979


t =

  int64

   980


t =

  int64

   981


t =

  int64

   982


t =

  int64

   983


t =

  int64

   984


t =

  int64

   985


t =

  int64

   986


t =

  int64

   987


t =

  int64

   988


t =

  int64

   989


t =

  int64

   990


t =

  int64

   991


t =

  int64

   992


t =

  int64

   993


t =

  int64

   994


t =

  int64

   995


t =

  int64

   996


t =

  int64

   997


t =

  int64

   998


t =

  int64

   999


t =

  int64

   1000

>> >> /bin/bash: del: command not found
>> 