/var/spool/slurmd/job20869/slurm_script: line 24: module: command not found

                            < M A T L A B (R) >
                  Copyright 1984-2016 The MathWorks, Inc.
                   R2016b (9.1.0.441655) 64-bit (glnxa64)
                             September 7, 2016

 
To get started, type one of these: helpwin, helpdesk, or demo.
For product information, visit www.mathworks.com.
 
>> >> >> >> >> >> >> >> >> >> >> >> >> >> >> >> >> >> >> >> >> >> >> >> >> >> >> >> >> >> >> >> >> >> >> >> 
t =

  int64

   0


t =

  int64

   1


t =

  int64

   2


t =

  int64

   3


t =

  int64

   4


t =

  int64

   5


t =

  int64

   6


t =

  int64

   7


t =

  int64

   8


t =

  int64

   9


t =

  int64

   10

>> >> >> slurmstepd: error: *** JOB 20869 ON node13 CANCELLED AT 2018-04-12T17:46:00 ***
